2023-04-11 16:09:25 DEBUG UpdateProducerImpl:13 - Hi
2023-04-11 16:11:01 DEBUG UpdateProducerImpl:13 - 
2023-04-11 16:11:08 DEBUG UpdateProducerImpl:13 - 
2023-04-11 16:11:08 DEBUG UpdateProducerImpl:13 - 
2023-04-11 16:11:21 DEBUG UpdateProducerImpl:13 - 
2023-04-11 16:11:21 DEBUG UpdateProducerImpl:13 - 
2023-04-11 16:11:38 DEBUG UpdateProducerImpl:13 - 
2023-04-11 16:11:38 DEBUG UpdateProducerImpl:13 - 
2023-04-11 16:21:09 DEBUG UpdateProducerImpl:13 - 
2023-04-11 16:21:45 DEBUG UpdateProducerImpl:13 - 
2023-04-11 16:39:31 DEBUG UpdateProducerImpl:13 - Как ты бро
2023-04-11 16:39:35 DEBUG UpdateProducerImpl:13 - 
2023-04-11 17:00:38 DEBUG UpdateProducerImpl:13 - 
2023-04-11 19:18:27 DEBUG UpdateProducerImpl:20 - Привет, телеграм!!!
2023-04-11 19:19:57 DEBUG UpdateProducerImpl:20 - 
2023-04-11 19:32:59 DEBUG UpdateProducerImpl:20 - йоу!!1
2023-04-12 11:11:22 DEBUG UpdateProducerImpl:20 - 
2023-04-12 11:28:28 DEBUG UpdateProducerImpl:20 - 
2023-04-12 12:50:34 DEBUG UpdateProducerImpl:20 - /start
2023-04-12 12:52:06 DEBUG UpdateProducerImpl:20 - 
2023-04-12 14:02:07 DEBUG UpdateProducerImpl:20 - ujdyj!
2023-04-12 14:02:14 DEBUG UpdateProducerImpl:20 - 
2023-04-12 14:02:42 DEBUG UpdateProducerImpl:20 - /start
2023-04-12 14:02:47 DEBUG UpdateProducerImpl:20 - 
2023-04-12 14:03:33 DEBUG UpdateProducerImpl:20 - qwe
2023-04-12 14:03:33 DEBUG UpdateProducerImpl:20 - hjk
2023-04-12 14:03:33 DEBUG UpdateProducerImpl:20 - hjk
2023-04-12 14:03:33 DEBUG UpdateProducerImpl:20 - hg
2023-04-12 14:03:33 DEBUG UpdateProducerImpl:20 - kh
2023-04-12 14:03:33 DEBUG UpdateProducerImpl:20 - jkhg
2023-04-12 14:03:33 DEBUG UpdateProducerImpl:20 - kfg
